Arguments: 
  C:\Program Files\nodejs\node.exe C:\Users\AJIBS\AppData\Roaming\npm\node_modules\yarn\bin\yarn.js init

PATH: 
  C:\Users\AJIBS\.windows-build-tools\python27\;C:\Users\AJIBS\.windows-build-tools\python27\Scripts;c:\program files (x86)\graphicsmagick-1.3.25-q16;C:\Program Files\ImageMagick-7.0.5-Q16;C:\ProgramData\Oracle\Java\javapath;C:\Program Files (x86)\NVIDIA Corporation\PhysX\Common;C:\Program Files (x86)\Intel\iCLS Client\;C:\Program Files\Intel\iCLS Client\;C:\WINDOWS\system32;C:\WINDOWS;C:\WINDOWS\System32\Wbem;C:\WINDOWS\System32\WindowsPowerShell\v1.0\;C:\Program Files\Hewlett-Packard\SimplePass\;C:\Program Files (x86)\Windows Live\Shared;C:\Program Files\Intel\Intel(R) Management Engine Components\DAL;C:\Program Files\Intel\Intel(R) Management Engine Components\IPT;C:\Program Files (x86)\Intel\Intel(R) Management Engine Components\DAL;C:\Program Files (x86)\Intel\Intel(R) Management Engine Components\IPT;C:\Program Files (x86)\adt-bundle-windows-x86_64-20140321\sdk\platform-tools;C:\Program Files (x86)\adt-bundle-windows-x86_64-20140321\sdk\tools;C:\Program Files\Heroku\bin;C:\Program Files (x86)\Heroku\bin;C:\Program Files\Git\mingw64\bin;C:\Program Files (x86)\git\cmd;C:\Program Files\Git\cmd;C:\Program Files\Git\usr\bin;C:\wamp\bin\php\php5.4.16;C:\ProgramData\ComposerSetup\bin;C:\wamp64\bin\php\php5.6.25;C:\Program Files (x86)\Skype\Phone\;C:\Program Files\Microsoft SQL Server\130\Tools\Binn\;C:\Program Files\dotnet\;C:\Program Files\MongoDB\Server\3.4\bin;C:\Users\AJIBS\AppData\Roaming\npm;C:\Program Files (x86)\Yarn\bin;C:\Program Files\nodejs\;C:\WINDOWS\system32;C:\WINDOWS;C:\WINDOWS\System32\Wbem;C:\WINDOWS\System32\WindowsPowerShell\v1.0\;C:\Program Files\PuTTY\;C:\Users\AJIBS\Anaconda2;C:\Users\AJIBS\Anaconda2\Scripts;C:\Users\AJIBS\Anaconda2\Library\bin;C:\Program Files\Java\jdk1.8.0_25\bin;C:\global_libs\apache-maven-3.1.0\bin;C:\Program Files (x86)\Google\google_appengine\;C:\Python27;C:\Users\AJIBS\AppData\Local\Enthought\Canopy\User;C:\Users\AJIBS\AppData\Local\Enthought\Canopy\User\Scripts;C:\Users\AJIBS\AppData\Roaming\Composer\vendor\bin;C:\Users\AJIBS\AppData\Roaming\Dashlane\4.7.1.28771\bin\Firefox_Extension\{442718d9-475e-452a-b3e1-fb1ee16b8e9f}\components;C:\Users\AJIBS\AppData\Roaming\Dashlane\4.7.1.28771\ucrt;C:\Users\AJIBS\AppData\Local\Microsoft\WindowsApps;C:\Program Files\Heroku\bin;C:\Users\AJIBS\AppData\Local\Yarn\bin;C:\Program Files\Microsoft VS Code\bin;C:\Users\AJIBS\AppData\Roaming\npm;

Yarn version: 
  1.3.2

Node version: 
  8.6.0

Platform: 
  win32 x64

npm manifest: 
  No manifest

yarn manifest: 
  No manifest

Lockfile: 
  No lockfile

Trace: 
  Error: canceled
      at Interface.<anonymous> (C:\Users\AJIBS\AppData\Roaming\npm\node_modules\yarn\lib\cli.js:121045:13)
      at emitNone (events.js:105:13)
      at Interface.emit (events.js:207:7)
      at Interface._ttyWrite (readline.js:775:16)
      at ReadStream.onkeypress (readline.js:160:10)
      at emitTwo (events.js:125:13)
      at ReadStream.emit (events.js:213:7)
      at emitKeys (internal/readline.js:420:14)
      at emitKeys.next (<anonymous>)
      at ReadStream.onData (readline.js:1011:36)
